main       [2011-12-02 10:27:58,233] DEBUG - OntologyManagement->register(): Registering ontology: http://ontology.universAAL.org/DataRepresentation.owl 
main       [2011-12-02 10:27:58,820] INFO  - Cryptography utils initialized successfully! 
main       [2011-12-02 10:27:58,821] INFO  - SodaPopImpl->init(): SodaPopPeer with ID '133fe1a064a@rivia+654c74' started! 
main       [2011-12-02 10:27:59,017] DEBUG - OntologyManagement->register(): Registering ontology: http://ontology.universAAL.org/ContextBus.owl 
main       [2011-12-02 10:30:19,703] INFO  - Cryptography utils initialized successfully! 
main       [2011-12-02 10:30:19,704] INFO  - SodaPopImpl->init(): SodaPopPeer with ID '133fe1c2d94@rivia+505f5554' started! 
main       [2011-12-02 10:30:19,799] INFO  - Loading context for locations:  
main       [2011-12-02 11:17:20,554] INFO  - Cryptography utils initialized successfully! 
main       [2011-12-02 11:17:20,617] INFO  - SodaPopImpl->init(): SodaPopPeer with ID '133fe473865@rivia+a489f208' started! 
main       [2011-12-02 11:17:21,114] INFO  - Loading context for locations:  
main       [2011-12-09 23:34:48,302] INFO  - Cryptography utils initialized successfully! 
main       [2011-12-09 23:34:48,332] INFO  - SodaPopImpl->init(): SodaPopPeer with ID '13424f6e738@rivia+8cc4caa0' started! 
main       [2011-12-09 23:34:48,526] INFO  - Loading context for locations:  
main       [2011-12-09 23:35:04,370] INFO  - Cryptography utils initialized successfully! 
main       [2011-12-09 23:35:04,378] INFO  - SodaPopImpl->init(): SodaPopPeer with ID '13424f725d1@rivia+e0fde8fd' started! 
main       [2011-12-09 23:35:04,560] INFO  - Loading context for locations:  
main       [2011-12-12 14:31:29,880] INFO  - Cryptography utils initialized successfully! 
main       [2011-12-12 14:31:29,899] INFO  - SodaPopImpl->init(): SodaPopPeer with ID '13432789160@rivia+882b2428' started! 
main       [2011-12-12 14:31:30,059] INFO  - Loading context for locations:  
main       [2011-12-12 14:35:36,057] INFO  - Cryptography utils initialized successfully! 
main       [2011-12-12 14:35:36,092] INFO  - SodaPopImpl->init(): SodaPopPeer with ID '134327c51cd@rivia+8791c617' started! 
main       [2011-12-12 14:35:36,554] INFO  - Loading context for locations:  
main       [2011-12-12 15:39:28,317] INFO  - Cryptography utils initialized successfully! 
main       [2011-12-12 15:39:28,357] INFO  - SodaPopImpl->init(): SodaPopPeer with ID '13432b6ccd9@rivia+46461ab1' started! 
main       [2011-12-12 15:39:28,507] INFO  - Loading context for locations:  
